<?xml version="1.0" encoding="UTF-8"?>
<!-- Generated by org.testng.reporters.JUnitReportReporter -->
<testsuite hostname="DESKTOP-U0KUBHH" failures="0" tests="1" name="com.hybrid.testclass.TC_LoginTestCase" time="98.196" errors="0" timestamp="2022-07-01T20:01:33 IST" skipped="0">
  <testcase classname="com.hybrid.testclass.TC_LoginTestCase" name="Login" time="98.196"/>
  <system-out/>
</testsuite> <!-- com.hybrid.testclass.TC_LoginTestCase -->
